<?xml version="1.0" encoding="UTF-8"?>
<testsuites>
  <testsuite name="hello" timestamp="2024-07-08T10:15:30Z" hostname="dfb0f2a71806" tests="3" skipped="0" failures="0" errors="0" time="0.25">
    <testcase time="0.014" classname="hello" name="hello_works"/>
    <testcase time="0.223" classname="hello" name="hello_cli_works"/>
    <testcase time="0.0129999999999999" classname="hello" name="fix_me_"/>
  </testsuite>
</testsuites>
